<?xml version="1.0" encoding="UTF-8"?>
<testsuite xmlns:xsi="http://www.w3.org/2001/XMLSchema-instance" xsi:noNamespaceSchemaLocation="https://maven.apache.org/surefire/maven-surefire-plugin/xsd/surefire-test-report.xsd" name="com.spring.cloud.configserver.SpringConfigServerApplicationTests" time="0.019" tests="1" errors="1" skipped="0" failures="0">
  <properties>
[...]
</properties>
  <testcase name="initializationError" classname="com.spring.cloud.configserver.SpringConfigServerApplicationTests" time="0.012">
    <error message="Unable to find a @SpringBootConfiguration, you need to use @ContextConfiguration or @SpringBootTest(classes=...) with your test" type="java.lang.IllegalStateException">java.lang.IllegalStateException: Unable to find a @SpringBootConfiguration, you need to use @ContextConfiguration or @SpringBootTest(classes=...) with your test
</error>
    <system-out><![CDATA[19:38:53.158 [main] DEBUG org.springframework.test.context.junit4.SpringJUnit4ClassRunner - SpringJUnit4ClassRunner constructor called with [class com.spring.cloud.configserver.SpringConfigServerApplicationTests]
19:38:53.162 [main] DEBUG org.springframework.test.context.BootstrapUtils - Instantiating CacheAwareContextLoaderDelegate from class [org.springframework.test.context.cache.DefaultCacheAwareContextLoaderDelegate]
19:38:53.169 [main] DEBUG org.springframework.test.context.BootstrapUtils - Instantiating BootstrapContext using constructor [public org.springframework.test.context.support.DefaultBootstrapContext(java.lang.Class,org.springframework.test.context.CacheAwareContextLoaderDelegate)]
19:38:53.197 [main] DEBUG org.springframework.test.context.BootstrapUtils - Instantiating TestContextBootstrapper for test class [com.spring.cloud.configserver.SpringConfigServerApplicationTests] from class [org.springframework.boot.test.context.SpringBootTestContextBootstrapper]
19:38:53.219 [main] INFO org.springframework.boot.test.context.SpringBootTestContextBootstrapper - Neither @ContextConfiguration nor @ContextHierarchy found for test class [com.spring.cloud.configserver.SpringConfigServerApplicationTests], using SpringBootContextLoader
19:38:53.225 [main] DEBUG org.springframework.test.context.support.AbstractContextLoader - Did not detect default resource location for test class [com.spring.cloud.configserver.SpringConfigServerApplicationTests]: class path resource [com/spring/cloud/configserver/SpringConfigServerApplicationTests-context.xml] does not exist
19:38:53.225 [main] DEBUG org.springframework.test.context.support.AbstractContextLoader - Did not detect default resource location for test class [com.spring.cloud.configserver.SpringConfigServerApplicationTests]: class path resource [com/spring/cloud/configserver/SpringConfigServerApplicationTestsContext.groovy] does not exist
19:38:53.225 [main] INFO org.springframework.test.context.support.AbstractContextLoader - Could not detect default resource locations for test class [com.spring.cloud.configserver.SpringConfigServerApplicationTests]: no resource found for suffixes {-context.xml, Context.groovy}.
19:38:53.226 [main] INFO org.springframework.test.context.support.AnnotationConfigContextLoaderUtils - Could not detect default configuration classes for test class [com.spring.cloud.configserver.SpringConfigServerApplicationTests]: SpringConfigServerApplicationTests does not declare any static, non-private, non-final, nested classes annotated with @Configuration.
19:38:53.274 [main] DEBUG org.springframework.test.context.support.ActiveProfilesUtils - Could not find an 'annotation declaring class' for annotation type [org.springframework.test.context.ActiveProfiles] and class [com.spring.cloud.configserver.SpringConfigServerApplicationTests]
19:38:53.393 [main] DEBUG org.springframework.test.context.junit4.SpringJUnit4ClassRunner - SpringJUnit4ClassRunner constructor called with [class com.spring.cloud.configserver.SpringConfigServerApplicationTests]
19:38:53.393 [main] DEBUG org.springframework.test.context.BootstrapUtils - Instantiating CacheAwareContextLoaderDelegate from class [org.springframework.test.context.cache.DefaultCacheAwareContextLoaderDelegate]
19:38:53.393 [main] DEBUG org.springframework.test.context.BootstrapUtils - Instantiating BootstrapContext using constructor [public org.springframework.test.context.support.DefaultBootstrapContext(java.lang.Class,org.springframework.test.context.CacheAwareContextLoaderDelegate)]
19:38:53.393 [main] DEBUG org.springframework.test.context.BootstrapUtils - Instantiating TestContextBootstrapper for test class [com.spring.cloud.configserver.SpringConfigServerApplicationTests] from class [org.springframework.boot.test.context.SpringBootTestContextBootstrapper]
19:38:53.394 [main] INFO org.springframework.boot.test.context.SpringBootTestContextBootstrapper - Neither @ContextConfiguration nor @ContextHierarchy found for test class [com.spring.cloud.configserver.SpringConfigServerApplicationTests], using SpringBootContextLoader
19:38:53.395 [main] DEBUG org.springframework.test.context.support.AbstractContextLoader - Did not detect default resource location for test class [com.spring.cloud.configserver.SpringConfigServerApplicationTests]: class path resource [com/spring/cloud/configserver/SpringConfigServerApplicationTests-context.xml] does not exist
19:38:53.396 [main] DEBUG org.springframework.test.context.support.AbstractContextLoader - Did not detect default resource location for test class [com.spring.cloud.configserver.SpringConfigServerApplicationTests]: class path resource [com/spring/cloud/configserver/SpringConfigServerApplicationTestsContext.groovy] does not exist
19:38:53.396 [main] INFO org.springframework.test.context.support.AbstractContextLoader - Could not detect default resource locations for test class [com.spring.cloud.configserver.SpringConfigServerApplicationTests]: no resource found for suffixes {-context.xml, Context.groovy}.
19:38:53.396 [main] INFO org.springframework.test.context.support.AnnotationConfigContextLoaderUtils - Could not detect default configuration classes for test class [com.spring.cloud.configserver.SpringConfigServerApplicationTests]: SpringConfigServerApplicationTests does not declare any static, non-private, non-final, nested classes annotated with @Configuration.
19:38:53.399 [main] DEBUG org.springframework.test.context.support.ActiveProfilesUtils - Could not find an 'annotation declaring class' for annotation type [org.springframework.test.context.ActiveProfiles] and class [com.spring.cloud.configserver.SpringConfigServerApplicationTests]
]]></system-out>
  </testcase>
</testsuite>